Array
(
    [date] => 14.03.2019 19:03:11
    [0] => Array
        (
            [action] => 
            [error] => Request error: wrong request action!
        )

)
Array
(
    [date] => 15.03.2019 10:33:59
    [0] => Array
        (
            [action] => 
            [error] => Request error: wrong request action!
        )

)
Array
(
    [date] => 15.03.2019 13:35:10
    [0] => Array
        (
            [action] => 
            [error] => Request error: wrong request action!
        )

)
